-------------------------------------------------------------------------------
Test set: com.microcervice.celulares.SpringbootServiceZuulApplicationTests
-------------------------------------------------------------------------------
Tests run: 1, Failures: 0, Errors: 1, Skipped: 0, Time elapsed: 1.492 s <<< FAILURE! - in com.microcervice.celulares.SpringbootServiceZuulApplicationTests
contextLoads  Time elapsed: 0.008 s  <<< ERROR!
java.lang.IllegalStateException: Failed to load ApplicationContext
Caused by: java.lang.IllegalStateException: Failed to load property source from 'file:/C:/Users/antonio/Downloads/springboot-service-zuul/target/classes/application.yml' (classpath:/application.yml)
Caused by: org.yaml.snakeyaml.scanner.ScannerException: 
while scanning for the next token
found character '\t(TAB)' that cannot start any token. (Do not use \t(TAB) for indentation)
 in 'reader', line 18, column 1:
    		users:
    ^


